[0.028s] Invoking command in '/home/firdaus/arduinobot_ws/build/arduinobot_description': /usr/bin/cmake --build /home/firdaus/arduinobot_ws/build/arduinobot_description -- -j4 -l4
[0.069s] -- Found ament_cmake: 1.3.9 (/opt/ros/humble/share/ament_cmake/cmake)
[0.306s] Traceback (most recent call last):
[0.307s]   File "/opt/ros/humble/share/ament_cmake_core/cmake/package_templates/templates_2_cmake.py", line 21, in <module>
[0.307s]     from ament_package.templates import get_environment_hook_template_path
[0.307s] ModuleNotFoundError: No module named 'ament_package'
[0.326s] -- Configuring incomplete, errors occurred!
[0.326s] See also "/home/firdaus/arduinobot_ws/build/arduinobot_description/CMakeFiles/CMakeOutput.log".
[0.326s] [31mCMake Error at /opt/ros/humble/share/ament_cmake_core/cmake/ament_cmake_package_templates-extras.cmake:41 (message):
[0.327s]   execute_process(/usr/bin/python3
[0.327s]   /opt/ros/humble/share/ament_cmake_core/cmake/package_templates/templates_2_cmake.py
[0.327s]   /home/firdaus/arduinobot_ws/build/arduinobot_description/ament_cmake_package_templates/templates.cmake)
[0.327s]   returned error code 1
[0.327s] Call Stack (most recent call first):
[0.327s]   /opt/ros/humble/share/ament_cmake_core/cmake/ament_cmake_coreConfig.cmake:41 (include)
[0.327s]   /opt/ros/humble/share/ament_cmake/cmake/ament_cmake_export_dependencies-extras.cmake:15 (find_package)
[0.327s]   /opt/ros/humble/share/ament_cmake/cmake/ament_cmakeConfig.cmake:41 (include)
[0.327s]   CMakeLists.txt:9 (find_package)
[0.327s] 
[0.327s] [0m
[0.344s] gmake: *** [Makefile:226: cmake_check_build_system] Error 1
[0.346s] Invoked command in '/home/firdaus/arduinobot_ws/build/arduinobot_description' returned '2': /usr/bin/cmake --build /home/firdaus/arduinobot_ws/build/arduinobot_description -- -j4 -l4
