[0.075s] Invoking command in '/home/firdaus/arduinobot_ws/build/arduinobot_msgs': /usr/bin/cmake --build /home/firdaus/arduinobot_ws/build/arduinobot_msgs -- -j4 -l4
[0.174s] -- Found ament_cmake: 1.3.9 (/opt/ros/humble/share/ament_cmake/cmake)
[0.696s] -- Found std_msgs: 4.2.4 (/opt/ros/humble/share/std_msgs/cmake)
[0.785s] -- Found rosidl_generator_c: 3.1.5 (/opt/ros/humble/share/rosidl_generator_c/cmake)
[0.787s] -- Found rosidl_adapter: 3.1.5 (/opt/ros/humble/share/rosidl_adapter/cmake)
[0.801s] -- Found rosidl_generator_cpp: 3.1.5 (/opt/ros/humble/share/rosidl_generator_cpp/cmake)
[0.831s] -- Using all available rosidl_typesupport_c: rosidl_typesupport_fastrtps_c;rosidl_typesupport_introspection_c
[0.866s] -- Using all available rosidl_typesupport_cpp: rosidl_typesupport_fastrtps_cpp;rosidl_typesupport_introspection_cpp
[0.987s] -- Found rosidl_default_generators: 1.2.0 (/opt/ros/humble/share/rosidl_default_generators/cmake)
[1.666s] Error parsing '/home/firdaus/arduinobot_ws/src/arduinobot_msgs/package.xml':
[1.741s] Traceback (most recent call last):
[1.741s]   File "/opt/ros/humble/share/ament_cmake_core/cmake/core/package_xml_2_cmake.py", line 150, in <module>
[1.741s]     main()
[1.742s]   File "/opt/ros/humble/share/ament_cmake_core/cmake/core/package_xml_2_cmake.py", line 53, in main
[1.742s]     raise e
[1.742s]   File "/opt/ros/humble/share/ament_cmake_core/cmake/core/package_xml_2_cmake.py", line 49, in main
[1.743s]     package = parse_package_string(
[1.744s]   File "/usr/lib/python3/dist-packages/catkin_pkg/package.py", line 786, in parse_package_string
[1.749s]     raise InvalidPackage('Error(s):%s' % (''.join(['\n- %s' % e for e in errors])), filename)
[1.749s] catkin_pkg.package.InvalidPackage: Error(s) in package '/home/firdaus/arduinobot_ws/src/arduinobot_msgs/package.xml':
[1.749s] Error(s):
[1.749s] - The manifest of package "arduinobot_msgs" (with format version 3) must not contain the following tags: depen
[1.773s] [31mCMake Error at /opt/ros/humble/share/ament_cmake_core/cmake/core/ament_package_xml.cmake:95 (message):
[1.773s]   execute_process(/usr/bin/python3
[1.773s]   /opt/ros/humble/share/ament_cmake_core/cmake/core/package_xml_2_cmake.py
[1.773s]   /home/firdaus/arduinobot_ws/src/arduinobot_msgs/package.xml
[1.773s]   /home/firdaus/arduinobot_ws/build/arduinobot_msgs/ament_cmake_core/package.cmake)
[1.774s]   returned error code 1
[1.775s] Call Stack (most recent call first):
[1.775s]   /opt/ros/humble/share/ament_cmake_core/cmake/core/ament_package_xml.cmake:49 (_ament_package_xml)
[1.775s]   /opt/ros/humble/share/rosidl_cmake/cmake/rosidl_generate_interfaces.cmake:226 (ament_package_xml)
[1.775s]   CMakeLists.txt:16 (rosidl_generate_interfaces)
[1.776s] 
[1.776s] [0m
[1.777s] -- Configuring incomplete, errors occurred!
[1.777s] See also "/home/firdaus/arduinobot_ws/build/arduinobot_msgs/CMakeFiles/CMakeOutput.log".
[1.797s] gmake: *** [Makefile:1179: cmake_check_build_system] Error 1
[1.804s] Invoked command in '/home/firdaus/arduinobot_ws/build/arduinobot_msgs' returned '2': /usr/bin/cmake --build /home/firdaus/arduinobot_ws/build/arduinobot_msgs -- -j4 -l4
