[01m[K/home/firdaus/arduinobot_ws/src/arduinobot_cpp_examples/src/simple_publisher.cpp:6:37:[m[K [01;31m[Kerror: [m[Kexpected â€˜[01m[K;[m[Kâ€™ before â€˜[01m[Kclass[m[Kâ€™
    6 | using namespace std::chrono_literals
      |                                     [01;31m[K^[m[K
      |                                     [32m[K;[m[K
    7 | 
    8 | [32m[Kclass[m[K SimplePublisher : public rclcpp::Node
      | [32m[K~~~~~[m[K                                
[01m[K/home/firdaus/arduinobot_ws/src/arduinobot_cpp_examples/src/simple_publisher.cpp:[m[K In constructor â€˜[01m[KSimplePublisher::SimplePublisher()[m[Kâ€™:
[01m[K/home/firdaus/arduinobot_ws/src/arduinobot_cpp_examples/src/simple_publisher.cpp:12:13:[m[K [01;31m[Kerror: [m[Kâ€˜[01m[Kpub[m[Kâ€™ was not declared in this scope; did you mean â€˜[01m[Kpub_[m[Kâ€™?
   12 |             [01;31m[Kpub[m[K = create_publisher<std_msgs::msg::String>("chatter_cpp", 10);
      |             [01;31m[K^~~[m[K
      |             [32m[Kpub_[m[K
[01m[K/home/firdaus/arduinobot_ws/src/arduinobot_cpp_examples/src/simple_publisher.cpp:[m[K In member function â€˜[01m[Kvoid SimplePublisher::timerCallback()[m[Kâ€™:
[01m[K/home/firdaus/arduinobot_ws/src/arduinobot_cpp_examples/src/simple_publisher.cpp:23:9:[m[K [01;31m[Kerror: [m[Kexpected â€˜[01m[K;[m[Kâ€™ before â€˜[01m[K}[m[Kâ€™ token
   23 |         [01;31m[K}[m[K
      |         [01;31m[K^[m[K
[01m[K/home/firdaus/arduinobot_ws/src/arduinobot_cpp_examples/src/simple_publisher.cpp:[m[K In function â€˜[01m[Kint main(int, char**)[m[Kâ€™:
[01m[K/home/firdaus/arduinobot_ws/src/arduinobot_cpp_examples/src/simple_publisher.cpp:33:35:[m[K [01;31m[Kerror: [m[Kno matching function for call to â€˜[01m[Kmake_shared()[m[Kâ€™
   33 |     auto node = [01;31m[Kstd::make_shared<>()[m[K;
      |                 [01;31m[K~~~~~~~~~~~~~~~~~~^~[m[K
In file included from [01m[K/usr/include/c++/11/memory:77[m[K,
                 from [01m[K/opt/ros/humble/include/rclcpp/rclcpp/rclcpp.hpp:153[m[K,
                 from [01m[K/home/firdaus/arduinobot_ws/src/arduinobot_cpp_examples/src/simple_publisher.cpp:1[m[K:
[01m[K/usr/include/c++/11/bits/shared_ptr.h:875:5:[m[K [01;36m[Knote: [m[Kcandidate: â€˜[01m[Ktemplate<class _Tp, class ... _Args> std::shared_ptr<_Tp> std::make_shared(_Args&& ...)[m[Kâ€™
  875 |     [01;36m[Kmake_shared[m[K(_Args&&... __args)
      |     [01;36m[K^~~~~~~~~~~[m[K
[01m[K/usr/include/c++/11/bits/shared_ptr.h:875:5:[m[K [01;36m[Knote: [m[K  template argument deduction/substitution failed:
[01m[K/home/firdaus/arduinobot_ws/src/arduinobot_cpp_examples/src/simple_publisher.cpp:33:35:[m[K [01;36m[Knote: [m[K  couldnâ€™t deduce template parameter â€˜[01m[K_Tp[m[Kâ€™
   33 |     auto node = [01;36m[Kstd::make_shared<>()[m[K;
      |                 [01;36m[K~~~~~~~~~~~~~~~~~~^~[m[K
gmake[2]: *** [CMakeFiles/simple_publisher.dir/build.make:76: CMakeFiles/simple_publisher.dir/src/simple_publisher.cpp.o] Error 1
gmake[1]: *** [CMakeFiles/Makefile2:137: CMakeFiles/simple_publisher.dir/all] Error 2
gmake: *** [Makefile:146: all] Error 2
