-- Found ament_cmake: 1.3.9 (/opt/ros/humble/share/ament_cmake/cmake)
-- Found rclcpp: 16.0.9 (/opt/ros/humble/share/rclcpp/cmake)
-- Found rosidl_generator_c: 3.1.5 (/opt/ros/humble/share/rosidl_generator_c/cmake)
-- Found rosidl_adapter: 3.1.5 (/opt/ros/humble/share/rosidl_adapter/cmake)
-- Found rosidl_generator_cpp: 3.1.5 (/opt/ros/humble/share/rosidl_generator_cpp/cmake)
-- Using all available rosidl_typesupport_c: rosidl_typesupport_fastrtps_c;rosidl_typesupport_introspection_c
-- Using all available rosidl_typesupport_cpp: rosidl_typesupport_fastrtps_cpp;rosidl_typesupport_introspection_cpp
-- Found rmw_implementation_cmake: 6.1.2 (/opt/ros/humble/share/rmw_implementation_cmake/cmake)
-- Found rmw_fastrtps_cpp: 6.2.6 (/opt/ros/humble/share/rmw_fastrtps_cpp/cmake)
-- Using RMW implementation 'rmw_fastrtps_cpp' as default
-- Found ament_lint_auto: 0.12.11 (/opt/ros/humble/share/ament_lint_auto/cmake)
-- Added test 'cppcheck' to perform static code analysis on C / C++ code
-- Configured cppcheck include dirs: 
-- Configured cppcheck exclude dirs and/or files: 
-- Added test 'lint_cmake' to check CMake code style
-- Added test 'uncrustify' to check C / C++ code style
-- Configured uncrustify additional arguments: 
-- Added test 'xmllint' to check XML markup files
-- Configuring done
-- Generating done
-- Build files have been written to: /home/firdaus/arduinobot_ws/build/arduinobot_cpp_examples
[ 50%] [32mBuilding CXX object CMakeFiles/simple_publisher.dir/src/simple_publisher.cpp.o[0m
[01m[K/home/firdaus/arduinobot_ws/src/arduinobot_cpp_examples/src/simple_publisher.cpp:6:37:[m[K [01;31m[Kerror: [m[Kexpected â€˜[01m[K;[m[Kâ€™ before â€˜[01m[Kclass[m[Kâ€™
    6 | using namespace std::chrono_literals
      |                                     [01;31m[K^[m[K
      |                                     [32m[K;[m[K
    7 | 
    8 | [32m[Kclass[m[K SimplePublisher : public rclcpp::Node
      | [32m[K~~~~~[m[K                                
[01m[K/home/firdaus/arduinobot_ws/src/arduinobot_cpp_examples/src/simple_publisher.cpp:[m[K In constructor â€˜[01m[KSimplePublisher::SimplePublisher()[m[Kâ€™:
[01m[K/home/firdaus/arduinobot_ws/src/arduinobot_cpp_examples/src/simple_publisher.cpp:12:13:[m[K [01;31m[Kerror: [m[Kâ€˜[01m[Kpub[m[Kâ€™ was not declared in this scope; did you mean â€˜[01m[Kpub_[m[Kâ€™?
   12 |             [01;31m[Kpub[m[K = create_publisher<std_msgs::msg::String>("chatter_cpp", 10);
      |             [01;31m[K^~~[m[K
      |             [32m[Kpub_[m[K
[01m[K/home/firdaus/arduinobot_ws/src/arduinobot_cpp_examples/src/simple_publisher.cpp:[m[K In member function â€˜[01m[Kvoid SimplePublisher::timerCallback()[m[Kâ€™:
[01m[K/home/firdaus/arduinobot_ws/src/arduinobot_cpp_examples/src/simple_publisher.cpp:23:9:[m[K [01;31m[Kerror: [m[Kexpected â€˜[01m[K;[m[Kâ€™ before â€˜[01m[K}[m[Kâ€™ token
   23 |         [01;31m[K}[m[K
      |         [01;31m[K^[m[K
[01m[K/home/firdaus/arduinobot_ws/src/arduinobot_cpp_examples/src/simple_publisher.cpp:[m[K In function â€˜[01m[Kint main(int, char**)[m[Kâ€™:
[01m[K/home/firdaus/arduinobot_ws/src/arduinobot_cpp_examples/src/simple_publisher.cpp:33:35:[m[K [01;31m[Kerror: [m[Kno matching function for call to â€˜[01m[Kmake_shared()[m[Kâ€™
   33 |     auto node = [01;31m[Kstd::make_shared<>()[m[K;
      |                 [01;31m[K~~~~~~~~~~~~~~~~~~^~[m[K
In file included from [01m[K/usr/include/c++/11/memory:77[m[K,
                 from [01m[K/opt/ros/humble/include/rclcpp/rclcpp/rclcpp.hpp:153[m[K,
                 from [01m[K/home/firdaus/arduinobot_ws/src/arduinobot_cpp_examples/src/simple_publisher.cpp:1[m[K:
[01m[K/usr/include/c++/11/bits/shared_ptr.h:875:5:[m[K [01;36m[Knote: [m[Kcandidate: â€˜[01m[Ktemplate<class _Tp, class ... _Args> std::shared_ptr<_Tp> std::make_shared(_Args&& ...)[m[Kâ€™
  875 |     [01;36m[Kmake_shared[m[K(_Args&&... __args)
      |     [01;36m[K^~~~~~~~~~~[m[K
[01m[K/usr/include/c++/11/bits/shared_ptr.h:875:5:[m[K [01;36m[Knote: [m[K  template argument deduction/substitution failed:
[01m[K/home/firdaus/arduinobot_ws/src/arduinobot_cpp_examples/src/simple_publisher.cpp:33:35:[m[K [01;36m[Knote: [m[K  couldnâ€™t deduce template parameter â€˜[01m[K_Tp[m[Kâ€™
   33 |     auto node = [01;36m[Kstd::make_shared<>()[m[K;
      |                 [01;36m[K~~~~~~~~~~~~~~~~~~^~[m[K
gmake[2]: *** [CMakeFiles/simple_publisher.dir/build.make:76: CMakeFiles/simple_publisher.dir/src/simple_publisher.cpp.o] Error 1
gmake[1]: *** [CMakeFiles/Makefile2:137: CMakeFiles/simple_publisher.dir/all] Error 2
gmake: *** [Makefile:146: all] Error 2
