[0.118s] Invoking command in '/home/firdaus/arduinobot_ws/build/arduinobot_cpp_examples': CMAKE_PREFIX_PATH=${CMAKE_PREFIX_PATH}:/home/firdaus/arduinobot_ws/install/arduinobot_py_examples:/opt/ros/humble /usr/bin/cmake --build /home/firdaus/arduinobot_ws/build/arduinobot_cpp_examples -- -j8 -l8
[0.849s] -- Found ament_cmake: 1.3.9 (/opt/ros/humble/share/ament_cmake/cmake)
[0.849s] -- Found rclcpp: 16.0.9 (/opt/ros/humble/share/rclcpp/cmake)
[0.849s] -- Found rosidl_generator_c: 3.1.5 (/opt/ros/humble/share/rosidl_generator_c/cmake)
[0.849s] -- Found rosidl_adapter: 3.1.5 (/opt/ros/humble/share/rosidl_adapter/cmake)
[0.849s] -- Found rosidl_generator_cpp: 3.1.5 (/opt/ros/humble/share/rosidl_generator_cpp/cmake)
[0.849s] -- Using all available rosidl_typesupport_c: rosidl_typesupport_fastrtps_c;rosidl_typesupport_introspection_c
[0.849s] -- Using all available rosidl_typesupport_cpp: rosidl_typesupport_fastrtps_cpp;rosidl_typesupport_introspection_cpp
[0.925s] -- Found rmw_implementation_cmake: 6.1.2 (/opt/ros/humble/share/rmw_implementation_cmake/cmake)
[0.926s] -- Found rmw_fastrtps_cpp: 6.2.6 (/opt/ros/humble/share/rmw_fastrtps_cpp/cmake)
[1.177s] -- Using RMW implementation 'rmw_fastrtps_cpp' as default
[1.390s] -- Found ament_lint_auto: 0.12.11 (/opt/ros/humble/share/ament_lint_auto/cmake)
[1.495s] -- Added test 'cppcheck' to perform static code analysis on C / C++ code
[1.495s] -- Configured cppcheck include dirs: 
[1.495s] -- Configured cppcheck exclude dirs and/or files: 
[1.496s] -- Added test 'lint_cmake' to check CMake code style
[1.497s] -- Added test 'uncrustify' to check C / C++ code style
[1.497s] -- Configured uncrustify additional arguments: 
[1.497s] -- Added test 'xmllint' to check XML markup files
[1.499s] -- Configuring done
[1.557s] -- Generating done
[1.563s] -- Build files have been written to: /home/firdaus/arduinobot_ws/build/arduinobot_cpp_examples
[1.655s] [ 50%] [32mBuilding CXX object CMakeFiles/simple_publisher.dir/src/simple_publisher.cpp.o[0m
[4.845s] [01m[K/home/firdaus/arduinobot_ws/src/arduinobot_cpp_examples/src/simple_publisher.cpp:6:37:[m[K [01;31m[Kerror: [m[Kexpected â€˜[01m[K;[m[Kâ€™ before â€˜[01m[Kclass[m[Kâ€™
[4.845s]     6 | using namespace std::chrono_literals
[4.845s]       |                                     [01;31m[K^[m[K
[4.845s]       |                                     [32m[K;[m[K
[4.846s]     7 | 
[4.846s]     8 | [32m[Kclass[m[K SimplePublisher : public rclcpp::Node
[4.846s]       | [32m[K~~~~~[m[K                                
[4.879s] [01m[K/home/firdaus/arduinobot_ws/src/arduinobot_cpp_examples/src/simple_publisher.cpp:[m[K In constructor â€˜[01m[KSimplePublisher::SimplePublisher()[m[Kâ€™:
[4.879s] [01m[K/home/firdaus/arduinobot_ws/src/arduinobot_cpp_examples/src/simple_publisher.cpp:12:13:[m[K [01;31m[Kerror: [m[Kâ€˜[01m[Kpub[m[Kâ€™ was not declared in this scope; did you mean â€˜[01m[Kpub_[m[Kâ€™?
[4.879s]    12 |             [01;31m[Kpub[m[K = create_publisher<std_msgs::msg::String>("chatter_cpp", 10);
[4.879s]       |             [01;31m[K^~~[m[K
[4.879s]       |             [32m[Kpub_[m[K
[4.895s] [01m[K/home/firdaus/arduinobot_ws/src/arduinobot_cpp_examples/src/simple_publisher.cpp:[m[K In member function â€˜[01m[Kvoid SimplePublisher::timerCallback()[m[Kâ€™:
[4.895s] [01m[K/home/firdaus/arduinobot_ws/src/arduinobot_cpp_examples/src/simple_publisher.cpp:23:9:[m[K [01;31m[Kerror: [m[Kexpected â€˜[01m[K;[m[Kâ€™ before â€˜[01m[K}[m[Kâ€™ token
[4.895s]    23 |         [01;31m[K}[m[K
[4.895s]       |         [01;31m[K^[m[K
[4.896s] [01m[K/home/firdaus/arduinobot_ws/src/arduinobot_cpp_examples/src/simple_publisher.cpp:[m[K In function â€˜[01m[Kint main(int, char**)[m[Kâ€™:
[4.897s] [01m[K/home/firdaus/arduinobot_ws/src/arduinobot_cpp_examples/src/simple_publisher.cpp:33:35:[m[K [01;31m[Kerror: [m[Kno matching function for call to â€˜[01m[Kmake_shared()[m[Kâ€™
[4.897s]    33 |     auto node = [01;31m[Kstd::make_shared<>()[m[K;
[4.897s]       |                 [01;31m[K~~~~~~~~~~~~~~~~~~^~[m[K
[4.898s] In file included from [01m[K/usr/include/c++/11/memory:77[m[K,
[4.898s]                  from [01m[K/opt/ros/humble/include/rclcpp/rclcpp/rclcpp.hpp:153[m[K,
[4.898s]                  from [01m[K/home/firdaus/arduinobot_ws/src/arduinobot_cpp_examples/src/simple_publisher.cpp:1[m[K:
[4.898s] [01m[K/usr/include/c++/11/bits/shared_ptr.h:875:5:[m[K [01;36m[Knote: [m[Kcandidate: â€˜[01m[Ktemplate<class _Tp, class ... _Args> std::shared_ptr<_Tp> std::make_shared(_Args&& ...)[m[Kâ€™
[4.898s]   875 |     [01;36m[Kmake_shared[m[K(_Args&&... __args)
[4.898s]       |     [01;36m[K^~~~~~~~~~~[m[K
[4.898s] [01m[K/usr/include/c++/11/bits/shared_ptr.h:875:5:[m[K [01;36m[Knote: [m[K  template argument deduction/substitution failed:
[4.898s] [01m[K/home/firdaus/arduinobot_ws/src/arduinobot_cpp_examples/src/simple_publisher.cpp:33:35:[m[K [01;36m[Knote: [m[K  couldnâ€™t deduce template parameter â€˜[01m[K_Tp[m[Kâ€™
[4.898s]    33 |     auto node = [01;36m[Kstd::make_shared<>()[m[K;
[4.898s]       |                 [01;36m[K~~~~~~~~~~~~~~~~~~^~[m[K
[6.022s] gmake[2]: *** [CMakeFiles/simple_publisher.dir/build.make:76: CMakeFiles/simple_publisher.dir/src/simple_publisher.cpp.o] Error 1
[6.022s] gmake[1]: *** [CMakeFiles/Makefile2:137: CMakeFiles/simple_publisher.dir/all] Error 2
[6.022s] gmake: *** [Makefile:146: all] Error 2
[6.030s] Invoked command in '/home/firdaus/arduinobot_ws/build/arduinobot_cpp_examples' returned '2': CMAKE_PREFIX_PATH=${CMAKE_PREFIX_PATH}:/home/firdaus/arduinobot_ws/install/arduinobot_py_examples:/opt/ros/humble /usr/bin/cmake --build /home/firdaus/arduinobot_ws/build/arduinobot_cpp_examples -- -j8 -l8
