[01m[K/home/firdaus/arduinobot_ws/src/arduinobot_cpp_examples/src/simple_publisher.cpp:6:37:[m[K [01;31m[Kerror: [m[Kexpected â€˜[01m[K;[m[Kâ€™ before â€˜[01m[Kclass[m[Kâ€™
    6 | using namespace std::chrono_literals[01;31m[K;[m[K
      |                                     [01;31m[K^[m[K
      |                                     [32m[K;[m[K
    7 | 
    8 | [32m[Kclass[m[K SimplePublisher : public rclcpp::Node
      | [32m[K~~~~~[m[K                                
[01m[K/home/firdaus/arduinobot_ws/src/arduinobot_cpp_examples/src/simple_publisher.cpp:[m[K In constructor â€˜[01m[KSimplePublisher::SimplePublisher()[m[Kâ€™:
[01m[K/home/firdaus/arduinobot_ws/src/arduinobot_cpp_examples/src/simple_publisher.cpp:12:13:[m[K [01;31m[Kerror: [m[Kâ€˜[01m[Kpub[m[Kâ€™ was not declared in this scope; did you mean â€˜[01m[Kpub_[m[Kâ€™?
   12 |             [01;31m[Kpub[m[K = create_publisher<std_msgs::msg::String>("chatter_cpp", 10);
      |             [01;31m[K^~~[m[K
      |             [32m[Kpub_[m[K
[01m[K/home/firdaus/arduinobot_ws/src/arduinobot_cpp_examples/src/simple_publisher.cpp:[m[K In member function â€˜[01m[Kvoid SimplePublisher::timerCallback()[m[Kâ€™:
[01m[K/home/firdaus/arduinobot_ws/src/arduinobot_cpp_examples/src/simple_publisher.cpp:23:9:[m[K [01;31m[Kerror: [m[Kexpected â€˜[01m[K;[m[Kâ€™ before â€˜[01m[K}[m[Kâ€™ token
   23 |         [01;31m[K}[m[K
      |         [01;31m[K^[m[K
gmake[2]: *** [CMakeFiles/simple_publisher.dir/build.make:76: CMakeFiles/simple_publisher.dir/src/simple_publisher.cpp.o] Error 1
gmake[1]: *** [CMakeFiles/Makefile2:137: CMakeFiles/simple_publisher.dir/all] Error 2
gmake: *** [Makefile:146: all] Error 2
